<?xml version="1.0" encoding="UTF-8" ?>
<testsuite tests="3" failures="1" name="runTest" time="7.185" errors="0" skipped="0">
  <properties>
    <property name="java.runtime.name" value="Java(TM) SE Runtime Environment"/>
    <property name="java.vm.version" value="11.0.12+8-LTS-237"/>
    <property name="sun.boot.library.path" value="C:\Program Files\Java\jdk-11.0.12\bin"/>
    <property name="maven.multiModuleProjectDirectory" value="C:\Users\gaurav.bs.gupta\Documents\testpetclinic"/>
    <property name="java.vm.vendor" value="Oracle Corporation"/>
    <property name="java.vendor.url" value="https://openjdk.java.net/"/>
    <property name="guice.disable.misplaced.annotation.check" value="true"/>
    <property name="path.separator" value=";"/>
    <property name="java.vm.name" value="Java HotSpot(TM) 64-Bit Server VM"/>
    <property name="sun.os.patch.level" value=""/>
    <property name="user.script" value=""/>
    <property name="user.country" value="US"/>
    <property name="sun.java.launcher" value="SUN_STANDARD"/>
    <property name="java.vm.specification.name" value="Java Virtual Machine Specification"/>
    <property name="user.dir" value="C:\Users\gaurav.bs.gupta\Documents\testpetclinic"/>
    <property name="java.vm.compressedOopsMode" value="32-bit"/>
    <property name="java.runtime.version" value="11.0.12+8-LTS-237"/>
    <property name="java.awt.graphicsenv" value="sun.awt.Win32GraphicsEnvironment"/>
    <property name="os.arch" value="amd64"/>
    <property name="java.io.tmpdir" value="C:\Users\GAURAV~1.GUP\AppData\Local\Temp\"/>
    <property name="line.separator" value="
"/>
    <property name="java.vm.specification.vendor" value="Oracle Corporation"/>
    <property name="user.variant" value=""/>
    <property name="os.name" value="Windows 10"/>
    <property name="classworlds.conf" value="C:\Users\gaurav.bs.gupta\spring_workspace\.metadata\.plugins\org.eclipse.m2e.launching\launches\m2conf4368777972792705393.tmp"/>
    <property name="jansi.force" value="true"/>
    <property name="sun.jnu.encoding" value="Cp1252"/>
    <property name="java.library.path" value="C:\Program Files\Java\jdk-11.0.12\bin;C:\WINDOWS\Sun\Java\bin;C:\WINDOWS\system32;C:\WINDOWS;C:/Program Files (x86)/sts-4.12.0.RELEASE//plugins/org.eclipse.justj.openjdk.hotspot.jre.full.win32.x86_64_16.0.2.v20210721-1149/jre/bin/server;C:/Program Files (x86)/sts-4.12.0.RELEASE//plugins/org.eclipse.justj.openjdk.hotspot.jre.full.win32.x86_64_16.0.2.v20210721-1149/jre/bin;C:\Program Files\Common Files\Oracle\Java\javapath;C:\WINDOWS\system32;C:\WINDOWS;C:\WINDOWS\System32\Wbem;C:\WINDOWS\System32\WindowsPowerShell\v1.0\;C:\WINDOWS\System32\OpenSSH\;C:\Program Files (x86)\Symantec\VIP Access Client\;C:\Program Files\nodejs\;C:\Users\gaurav.bs.gupta\AppData\Local\Microsoft\WindowsApps;C:\Users\gaurav.bs.gupta\AppData\Local\Programs\Git\cmd;C:\Program Files\Java\jdk-11.0.12\;C:\Program Files (x86)\apache-maven-3.8.2\bin;C:\Users\gaurav.bs.gupta\AppData\Roaming\npm;C:\Users\gaurav.bs.gupta\AppData\Local\Programs\Microsoft VS Code\bin;C:\Program Files (x86)\sts-4.12.0.RELEASE;;."/>
    <property name="jansi.passthrough" value="true"/>
    <property name="jdk.debug" value="release"/>
    <property name="java.class.version" value="55.0"/>
    <property name="java.specification.name" value="Java Platform API Specification"/>
    <property name="sun.management.compiler" value="HotSpot 64-Bit Tiered Compilers"/>
    <property name="os.version" value="10.0"/>
    <property name="user.home" value="C:\Users\gaurav.bs.gupta"/>
    <property name="user.timezone" value="Asia/Calcutta"/>
    <property name="java.awt.printerjob" value="sun.awt.windows.WPrinterJob"/>
    <property name="file.encoding" value="Cp1252"/>
    <property name="java.specification.version" value="11"/>
    <property name="user.name" value="gaurav.bs.gupta"/>
    <property name="java.class.path" value="C:\Program Files (x86)\sts-4.12.0.RELEASE\plugins\org.eclipse.m2e.maven.runtime_1.18.0.20210618-2246\jars\plexus-classworlds-2.6.0.jar"/>
    <property name="java.vm.specification.version" value="11"/>
    <property name="sun.arch.data.model" value="64"/>
    <property name="sun.java.command" value="org.codehaus.plexus.classworlds.launcher.Launcher -B test -Dstyle.color=always"/>
    <property name="java.home" value="C:\Program Files\Java\jdk-11.0.12"/>
    <property name="user.language" value="en"/>
    <property name="java.specification.vendor" value="Oracle Corporation"/>
    <property name="awt.toolkit" value="sun.awt.windows.WToolkit"/>
    <property name="java.vm.info" value="mixed mode"/>
    <property name="java.version" value="11.0.12"/>
    <property name="java.vendor" value="Oracle Corporation"/>
    <property name="maven.home" value="C:\Users\gaurav.bs.gupta\Documents\testpetclinic\EMBEDDED"/>
    <property name="style.color" value="always"/>
    <property name="file.separator" value="\"/>
    <property name="java.version.date" value="2021-07-20"/>
    <property name="java.vendor.url.bug" value="https://bugreport.java.com/bugreport/"/>
    <property name="sun.io.unicode.encoding" value="UnicodeLittle"/>
    <property name="sun.cpu.endian" value="little"/>
    <property name="java.vendor.version" value="18.9"/>
    <property name="sun.desktop" value="windows"/>
    <property name="sun.cpu.isalist" value="amd64"/>
  </properties>
  <testcase classname="Browsing around" name="Login and Vets" time="5.594"/>
  <testcase classname="Browsing around" name="Login and check owner based on last name" time="0.613"/>
  <testcase classname="Vets can add a new pet owner" name="Add new owner" time="0.978">
    <failure type="java.lang.AssertionError">java.lang.AssertionError
	at org.junit.Assert.fail(Assert.java:86)
	at org.junit.Assert.assertTrue(Assert.java:41)
	at org.junit.Assert.assertTrue(Assert.java:52)
	at stepdefs.FindOwner.i_should_see_newly_added_pet_owner(FindOwner.java:50)
	at ✽.I should see newly added Pet owner(file:///C:/Users/gaurav.bs.gupta/Documents/testpetclinic/src/test/resources/features/find_owner.feature:9)
</failure>
    <system-out>
@AddOwnerTest
Scenario: Add new owner                                                                &amp;#27;[90m# src/test/resources/features/find_owner.feature:3&amp;#27;[0m
__________________Setup_________________
  &amp;#27;[32mGiven &amp;#27;[0m&amp;#27;[32mI have opened the browser&amp;#27;[0m                                                      &amp;#27;[90m# stepdefs.BrowsingAround.openBrowser()&amp;#27;[0m
  &amp;#27;[32mAnd &amp;#27;[0m&amp;#27;[32mI am on Find owners page&amp;#27;[0m                                                         &amp;#27;[90m# stepdefs.FindOwner.i_am_on_find_owners_page()&amp;#27;[0m
  &amp;#27;[32mAnd &amp;#27;[0m&amp;#27;[32mI Click on Add Owner HyperLink&amp;#27;[0m                                                   &amp;#27;[90m# stepdefs.FindOwner.i_click_on_add_owner_hyper_link()&amp;#27;[0m
  &amp;#27;[32mWhen &amp;#27;[0m&amp;#27;[32mI enter New Owner details &amp;#27;[0m&amp;#27;[32m&amp;#27;[1m&quot;first_name&quot;&amp;#27;[0m&amp;#27;[32m &amp;#27;[0m&amp;#27;[32m&amp;#27;[1m&quot;last_name&quot;&amp;#27;[0m&amp;#27;[32m &amp;#27;[0m&amp;#27;[32m&amp;#27;[1m&quot;address&quot;&amp;#27;[0m&amp;#27;[32m &amp;#27;[0m&amp;#27;[32m&amp;#27;[1m&quot;city&quot;&amp;#27;[0m&amp;#27;[32m &amp;#27;[0m&amp;#27;[32m&amp;#27;[1m&quot;telephone&quot;&amp;#27;[0m &amp;#27;[90m# stepdefs.FindOwner.i_enter_new_owner_details(java.lang.String,java.lang.String,java.lang.String,java.lang.String,java.lang.String)&amp;#27;[0m
  &amp;#27;[32mAnd &amp;#27;[0m&amp;#27;[32mI click on Add Owner Button&amp;#27;[0m                                                      &amp;#27;[90m# stepdefs.FindOwner.i_click_on_add_owner_button()&amp;#27;[0m
  &amp;#27;[31mThen &amp;#27;[0m&amp;#27;[31mI should see newly added Pet owner&amp;#27;[0m                                              &amp;#27;[90m# stepdefs.FindOwner.i_should_see_newly_added_pet_owner()&amp;#27;[0m
      &amp;#27;[31mjava.lang.AssertionError
	at org.junit.Assert.fail(Assert.java:86)
	at org.junit.Assert.assertTrue(Assert.java:41)
	at org.junit.Assert.assertTrue(Assert.java:52)
	at stepdefs.FindOwner.i_should_see_newly_added_pet_owner(FindOwner.java:50)
	at âœ½.I should see newly added Pet owner(file:///C:/Users/gaurav.bs.gupta/Documents/testpetclinic/src/test/resources/features/find_owner.feature:9)
&amp;#27;[0m
</system-out>
  </testcase>
</testsuite>